app/build/outputs/logs/manifest-merger-debug-report.txt
-- Merging decision tree log ---
manifest
ADDED from src\main\AndroidManifest.xml:2:1-320:12
	package
		ADDED from src\main\AndroidManifest.xml:4:5-51
		INJECTED from src\main\AndroidManifest.xml
		INJECTED from src\main\AndroidManifest.xml
	android:versionName
		ADDED from src\main\AndroidManifest.xml:6:5-47
		INJECTED from src\main\AndroidManifest.xml
		INJECTED from src\main\AndroidManifest.xml
	xmlns:tools
		ADDED from src\main\AndroidManifest.xml:3:5-51
	android:versionCode
		ADDED from src\main\AndroidManifest.xml:5:5-28
		INJECTED from src\main\AndroidManifest.xml
		INJECTED from src\main\AndroidManifest.xml
	xmlns:android
		ADDED from src\main\AndroidManifest.xml:2:11-69
uses-sdk
ADDED from src\main\AndroidManifest.xml:7:5-10:55
MERGED from [com.android.support:multidex:1.0.1] AndroidManifest.xml:18:5-42
MERGED from [com.google.android.gms:play-services-maps:9.8.0] AndroidManifest.xml:23:5-42
MERGED from [com.android.support:design:23.4.0] AndroidManifest.xml:20:5-43
MERGED from [com.android.support:recyclerview-v7:23.4.0] AndroidManifest.xml:20:5-43
MERGED from [movilidad-v2:vistaweb1:unspecified] AndroidManifest.xml:7:5-9:41
MERGED from [com.android.support:appcompat-v7:23.4.0] AndroidManifest.xml:21:5-23:78
MERGED from [com.android.support:animated-vector-drawable:23.4.0] AndroidManifest.xml:5:5-44
MERGED from [com.android.support:support-vector-drawable:23.4.0] AndroidManifest.xml:5:5-43
MERGED from [com.google.firebase:firebase-messaging:9.8.0] AndroidManifest.xml:17:5-42
MERGED from [com.google.android.gms:play-services-location:9.8.0] AndroidManifest.xml:3:5-42
MERGED from [com.google.android.gms:play-services-base:9.8.0] AndroidManifest.xml:17:5-42
MERGED from [com.google.firebase:firebase-core:9.8.0] AndroidManifest.xml:4:5-42
MERGED from [com.google.firebase:firebase-analytics:9.8.0] AndroidManifest.xml:17:5-42
MERGED from [com.google.firebase:firebase-analytics-impl:9.8.0] AndroidManifest.xml:17:5-42
MERGED from [com.google.firebase:firebase-iid:9.8.0] AndroidManifest.xml:17:5-42
MERGED from [com.google.firebase:firebase-common:9.8.0] AndroidManifest.xml:3:5-42
MERGED from [com.google.android.gms:play-services-tasks:9.8.0] AndroidManifest.xml:3:5-42
MERGED from [com.google.android.gms:play-services-basement:9.8.0] AndroidManifest.xml:17:5-42
MERGED from [com.android.support:support-v4:24.0.0] AndroidManifest.xml:21:5-23:54
	tools:overrideLibrary
		ADDED from [com.android.support:appcompat-v7:23.4.0] AndroidManifest.xml:23:9-75
	android:targetSdkVersion
		ADDED from src\main\AndroidManifest.xml:9:9-38
		INJECTED from src\main\AndroidManifest.xml
		INJECTED from src\main\AndroidManifest.xml
	tools:ignore
		ADDED from src\main\AndroidManifest.xml:10:9-52
	android:minSdkVersion
		ADDED from src\main\AndroidManifest.xml:8:9-35
		INJECTED from src\main\AndroidManifest.xml
		INJECTED from src\main\AndroidManifest.xml
uses-feature#0x00020000
ADDED from src\main\AndroidManifest.xml:12:5-14:35
MERGED from [com.google.android.gms:play-services-maps:9.8.0] AndroidManifest.xml:21:5-77
	android:glEsVersion
		ADDED from src\main\AndroidManifest.xml:13:9-41
	android:required
		ADDED from src\main\AndroidManifest.xml:14:9-32
uses-permission#android.permission.ACCESS_WIFI_STATE
ADDED from src\main\AndroidManifest.xml:17:5-76
	android:name
		ADDED from src\main\AndroidManifest.xml:17:22-73
uses-permission#android.permission.INTERNET
ADDED from src\main\AndroidManifest.xml:18:5-67
MERGED from [com.google.android.gms:play-services-maps:9.8.0] AndroidManifest.xml:20:5-66
MERGED from [movilidad-v2:vistaweb1:unspecified] AndroidManifest.xml:11:5-67
MERGED from [com.google.firebase:firebase-analytics:9.8.0] AndroidManifest.xml:20:5-66
MERGED from [com.google.firebase:firebase-analytics-impl:9.8.0] AndroidManifest.xml:20:5-66
MERGED from [com.google.firebase:firebase-iid:9.8.0] AndroidManifest.xml:20:5-66
	android:name
		ADDED from src\main\AndroidManifest.xml:18:22-64
uses-permission#android.permission.ACCESS_NETWORK_STATE
ADDED from src\main\AndroidManifest.xml:19:5-79
MERGED from [com.google.android.gms:play-services-maps:9.8.0] AndroidManifest.xml:19:5-78
MERGED from [com.google.firebase:firebase-analytics:9.8.0] AndroidManifest.xml:21:5-78
MERGED from [com.google.firebase:firebase-analytics-impl:9.8.0] AndroidManifest.xml:21:5-78
MERGED from [com.google.firebase:firebase-iid:9.8.0] AndroidManifest.xml:19:5-78
	android:name
		ADDED from src\main\AndroidManifest.xml:19:22-76
uses-permission#android.permission.ACCESS_FINE_LOCATION
ADDED from src\main\AndroidManifest.xml:21:5-23:47
	android:protectionLevel
		ADDED from src\main\AndroidManifest.xml:23:9-44
	android:name
		ADDED from src\main\AndroidManifest.xml:22:9-63
uses-permission#android.permission.ACCESS_COARSE_LOCATION
ADDED from src\main\AndroidManifest.xml:24:5-26:47
	android:protectionLevel
		ADDED from src\main\AndroidManifest.xml:26:9-44
	android:name
		ADDED from src\main\AndroidManifest.xml:25:9-65
uses-permission#android.permission.READ_PHONE_STATE
ADDED from src\main\AndroidManifest.xml:28:5-75
	android:name
		ADDED from src\main\AndroidManifest.xml:28:22-72
permission#com.gruposalinas.elektra.movilidadgs.permission.MAPS_RECEIVE
ADDED from src\main\AndroidManifest.xml:30:5-32:47
	android:protectionLevel
		ADDED from src\main\AndroidManifest.xml:32:9-44
	android:name
		ADDED from src\main\AndroidManifest.xml:31:9-84
uses-permission#com.gruposalinas.elektra.movilidadgs.permission.MAPS_RECEIVE
ADDED from src\main\AndroidManifest.xml:34:5-100
	android:name
		ADDED from src\main\AndroidManifest.xml:34:22-97
uses-permission#com.google.android.providers.gsf.permission.READ_GSERVICES
ADDED from src\main\AndroidManifest.xml:35:5-98
	android:name
		ADDED from src\main\AndroidManifest.xml:35:22-95
uses-permission#android.permission.WRITE_EXTERNAL_STORAGE
ADDED from src\main\AndroidManifest.xml:36:5-38:47
	android:protectionLevel
		ADDED from src\main\AndroidManifest.xml:38:9-44
	android:name
		ADDED from src\main\AndroidManifest.xml:37:9-65
uses-permission#android.permission.READ_EXTERNAL_STORAGE
ADDED from src\main\AndroidManifest.xml:39:5-41:47
	android:protectionLevel
		ADDED from src\main\AndroidManifest.xml:41:9-44
	android:name
		ADDED from src\main\AndroidManifest.xml:40:9-64
uses-permission#android.permission.VIBRATE
ADDED from src\main\AndroidManifest.xml:42:5-66
	android:name
		ADDED from src\main\AndroidManifest.xml:42:22-63
uses-permission#android.permission.WAKE_LOCK
ADDED from src\main\AndroidManifest.xml:43:5-68
MERGED from [com.google.firebase:firebase-analytics:9.8.0] AndroidManifest.xml:22:5-67
MERGED from [com.google.firebase:firebase-analytics-impl:9.8.0] AndroidManifest.xml:22:5-67
MERGED from [com.google.firebase:firebase-iid:9.8.0] AndroidManifest.xml:21:5-67
	android:name
		ADDED from src\main\AndroidManifest.xml:43:22-65
uses-permission#android.permission.RECEIVE_BOOT_COMPLETED
ADDED from src\main\AndroidManifest.xml:45:5-81
	android:name
		ADDED from src\main\AndroidManifest.xml:45:22-78
uses-permission#android.permission.SEND_SMS
ADDED from src\main\AndroidManifest.xml:46:5-67
	android:name
		ADDED from src\main\AndroidManifest.xml:46:22-64
uses-permission#android.permission.CALL_PHONE
ADDED from src\main\AndroidManifest.xml:47:5-69
	android:name
		ADDED from src\main\AndroidManifest.xml:47:22-66
uses-permission#android.permission.RECORD_VIDEO
ADDED from src\main\AndroidManifest.xml:49:5-71
	android:name
		ADDED from src\main\AndroidManifest.xml:49:22-68
uses-permission#android.permission.RECORD_AUDIO
ADDED from src\main\AndroidManifest.xml:50:5-71
	android:name
		ADDED from src\main\AndroidManifest.xml:50:22-68
uses-permission#android.permission.CAMERA
ADDED from src\main\AndroidManifest.xml:51:5-65
	android:name
		ADDED from src\main\AndroidManifest.xml:51:22-62
uses-permission#android.permission.BROADCAST_STICKY
ADDED from src\main\AndroidManifest.xml:52:5-75
	android:name
		ADDED from src\main\AndroidManifest.xml:52:22-72
uses-permission#android.permission.READ_CONTACTS
ADDED from src\main\AndroidManifest.xml:53:5-72
	android:name
		ADDED from src\main\AndroidManifest.xml:53:22-69
uses-feature#android.hardware.camera
ADDED from src\main\AndroidManifest.xml:55:5-60
	android:name
		ADDED from src\main\AndroidManifest.xml:55:19-57
uses-feature#android.hardware.location.gps
ADDED from src\main\AndroidManifest.xml:56:5-66
	android:name
		ADDED from src\main\AndroidManifest.xml:56:19-63
application
ADDED from src\main\AndroidManifest.xml:58:5-318:19
MERGED from [com.google.android.gms:play-services-maps:9.8.0] AndroidManifest.xml:24:5-19
MERGED from [com.android.support:design:23.4.0] AndroidManifest.xml:22:5-20
MERGED from [movilidad-v2:vistaweb1:unspecified] AndroidManifest.xml:13:5-21:19
MERGED from [com.android.support:appcompat-v7:23.4.0] AndroidManifest.xml:25:5-20
MERGED from [com.android.support:animated-vector-drawable:23.4.0] AndroidManifest.xml:7:5-20
MERGED from [com.android.support:support-vector-drawable:23.4.0] AndroidManifest.xml:7:5-20
MERGED from [com.google.firebase:firebase-messaging:9.8.0] AndroidManifest.xml:19:5-29:19
MERGED from [com.google.android.gms:play-services-location:9.8.0] AndroidManifest.xml:4:5-19
MERGED from [com.google.android.gms:play-services-base:9.8.0] AndroidManifest.xml:18:5-20:19
MERGED from [com.google.firebase:firebase-core:9.8.0] AndroidManifest.xml:5:5-20
MERGED from [com.google.firebase:firebase-analytics:9.8.0] AndroidManifest.xml:24:5-33:19
MERGED from [com.google.firebase:firebase-analytics-impl:9.8.0] AndroidManifest.xml:24:5-28:19
MERGED from [com.google.firebase:firebase-iid:9.8.0] AndroidManifest.xml:28:5-50:19
MERGED from [com.google.firebase:firebase-common:9.8.0] AndroidManifest.xml:4:5-7:19
MERGED from [com.google.android.gms:play-services-tasks:9.8.0] AndroidManifest.xml:4:5-19
MERGED from [com.google.android.gms:play-services-basement:9.8.0] AndroidManifest.xml:19:5-21:19
MERGED from [com.android.support:support-v4:24.0.0] AndroidManifest.xml:25:5-20
	android:label
		ADDED from src\main\AndroidManifest.xml:61:9-41
	android:supportsRtl
		ADDED from [movilidad-v2:vistaweb1:unspecified] AndroidManifest.xml:16:9-35
	tools:ignore
		ADDED from src\main\AndroidManifest.xml:64:9-48
	android:allowBackup
		ADDED from src\main\AndroidManifest.xml:59:9-35
	android:icon
		ADDED from src\main\AndroidManifest.xml:60:9-50
	android:largeHeap
		ADDED from src\main\AndroidManifest.xml:62:9-33
	android:theme
		ADDED from src\main\AndroidManifest.xml:63:9-56
meta-data#com.google.android.maps.v2.API_KEY
ADDED from src\main\AndroidManifest.xml:65:9-67:71
	android:value
		ADDED from src\main\AndroidManifest.xml:67:13-68
	android:name
		ADDED from src\main\AndroidManifest.xml:66:13-62
activity#com.gruposalinas.elektra.movilidadgs.Activities.LoginActivity
ADDED from src\main\AndroidManifest.xml:69:9-72:50
	android:screenOrientation
		ADDED from src\main\AndroidManifest.xml:71:13-49
	tools:ignore
		ADDED from src\main\AndroidManifest.xml:72:13-47
	android:name
		ADDED from src\main\AndroidManifest.xml:70:13-53
activity#com.gruposalinas.elektra.movilidadgs.Activities.RegistroActivity
ADDED from src\main\AndroidManifest.xml:73:9-76:50
	android:screenOrientation
		ADDED from src\main\AndroidManifest.xml:75:13-49
	tools:ignore
		ADDED from src\main\AndroidManifest.xml:76:13-47
	android:name
		ADDED from src\main\AndroidManifest.xml:74:13-56
activity#com.gruposalinas.elektra.movilidadgs.Activities.MainActivity
ADDED from src\main\AndroidManifest.xml:79:9-82:50
	android:screenOrientation
		ADDED from src\main\AndroidManifest.xml:81:13-49
	tools:ignore
		ADDED from src\main\AndroidManifest.xml:82:13-47
	android:name
		ADDED from src\main\AndroidManifest.xml:80:13-52
activity#com.gruposalinas.elektra.movilidadgs.Activities.MovementListActivity
ADDED from src\main\AndroidManifest.xml:85:9-87:50
	tools:ignore
		ADDED from src\main\AndroidManifest.xml:87:13-47
	android:name
		ADDED from src\main\AndroidManifest.xml:86:13-60
service#com.gruposalinas.elektra.movilidadgs.geolocation.EmployeeLocationService
ADDED from src\main\AndroidManifest.xml:89:9-93:78
	android:enabled
		ADDED from src\main\AndroidManifest.xml:91:13-35
	android:exported
		ADDED from src\main\AndroidManifest.xml:92:13-37
	android:permission
		ADDED from src\main\AndroidManifest.xml:93:13-75
	android:name
		ADDED from src\main\AndroidManifest.xml:90:13-64
receiver#com.gruposalinas.elektra.movilidadgs.receivers.arrancarservicio
ADDED from src\main\AndroidManifest.xml:96:9-102:20
	android:enabled
		ADDED from src\main\AndroidManifest.xml:98:13-35
	android:name
		ADDED from src\main\AndroidManifest.xml:97:13-55
intent-filter#android.intent.action.BOOT_COMPLETED
ADDED from src\main\AndroidManifest.xml:99:13-101:29
action#android.intent.action.BOOT_COMPLETED
ADDED from src\main\AndroidManifest.xml:100:17-79
	android:name
		ADDED from src\main\AndroidManifest.xml:100:25-76
activity#com.gruposalinas.elektra.movilidadgs.Activities.Horarios_consulta
ADDED from src\main\AndroidManifest.xml:104:9-107:50
	android:screenOrientation
		ADDED from src\main\AndroidManifest.xml:106:13-49
	tools:ignore
		ADDED from src\main\AndroidManifest.xml:107:13-47
	android:name
		ADDED from src\main\AndroidManifest.xml:105:13-57
activity#com.gruposalinas.elektra.movilidadgs.Activities.Detalle_Horario_pendiente
ADDED from src\main\AndroidManifest.xml:108:9-112:50
	android:screenOrientation
		ADDED from src\main\AndroidManifest.xml:111:13-49
	android:label
		ADDED from src\main\AndroidManifest.xml:110:13-78
	tools:ignore
		ADDED from src\main\AndroidManifest.xml:112:13-47
	android:name
		ADDED from src\main\AndroidManifest.xml:109:13-65
activity#com.gruposalinas.elektra.movilidadgs.Activities.Activity_Tiendas
ADDED from src\main\AndroidManifest.xml:113:9-117:50
	android:screenOrientation
		ADDED from src\main\AndroidManifest.xml:116:13-49
	android:label
		ADDED from src\main\AndroidManifest.xml:115:13-69
	tools:ignore
		ADDED from src\main\AndroidManifest.xml:117:13-47
	android:name
		ADDED from src\main\AndroidManifest.xml:114:13-56
activity#com.gruposalinas.elektra.movilidadgs.Activities.TiendaDetalle
ADDED from src\main\AndroidManifest.xml:118:9-121:50
	android:screenOrientation
		ADDED from src\main\AndroidManifest.xml:120:13-49
	tools:ignore
		ADDED from src\main\AndroidManifest.xml:121:13-47
	android:name
		ADDED from src\main\AndroidManifest.xml:119:13-53
activity#com.gruposalinas.elektra.movilidadgs.Activities.Mostrar_mapas
ADDED from src\main\AndroidManifest.xml:122:9-125:50
	android:screenOrientation
		ADDED from src\main\AndroidManifest.xml:124:13-49
	tools:ignore
		ADDED from src\main\AndroidManifest.xml:125:13-47
	android:name
		ADDED from src\main\AndroidManifest.xml:123:13-53
activity#com.gruposalinas.elektra.movilidadgs.Activities.ListadoTiendas
ADDED from src\main\AndroidManifest.xml:126:9-130:50
	android:screenOrientation
		ADDED from src\main\AndroidManifest.xml:129:13-49
	android:label
		ADDED from src\main\AndroidManifest.xml:128:13-67
	tools:ignore
		ADDED from src\main\AndroidManifest.xml:130:13-47
	android:name
		ADDED from src\main\AndroidManifest.xml:127:13-54
activity#com.gruposalinas.elektra.movilidadgs.Activities.MostrarMapaEnviar
ADDED from src\main\AndroidManifest.xml:131:9-135:50
	android:screenOrientation
		ADDED from src\main\AndroidManifest.xml:134:13-49
	android:label
		ADDED from src\main\AndroidManifest.xml:133:13-71
	tools:ignore
		ADDED from src\main\AndroidManifest.xml:135:13-47
	android:name
		ADDED from src\main\AndroidManifest.xml:132:13-57
activity#com.gruposalinas.elektra.movilidadgs.Activities.ListaZonasActivity
ADDED from src\main\AndroidManifest.xml:136:9-139:50
	android:screenOrientation
		ADDED from src\main\AndroidManifest.xml:138:13-49
	tools:ignore
		ADDED from src\main\AndroidManifest.xml:139:13-47
	android:name
		ADDED from src\main\AndroidManifest.xml:137:13-58
activity#com.gruposalinas.elektra.movilidadgs.Activities.DetalleZonaActivity
ADDED from src\main\AndroidManifest.xml:140:9-143:50
	android:screenOrientation
		ADDED from src\main\AndroidManifest.xml:142:13-49
	tools:ignore
		ADDED from src\main\AndroidManifest.xml:143:13-47
	android:name
		ADDED from src\main\AndroidManifest.xml:141:13-59
activity#com.gruposalinas.elektra.movilidadgs.Activities.MenuAplicaciones
ADDED from src\main\AndroidManifest.xml:144:9-148:50
	android:screenOrientation
		ADDED from src\main\AndroidManifest.xml:147:13-49
	android:label
		ADDED from src\main\AndroidManifest.xml:146:13-45
	tools:ignore
		ADDED from src\main\AndroidManifest.xml:148:13-47
	android:name
		ADDED from src\main\AndroidManifest.xml:145:13-56
activity#com.gruposalinas.elektra.movilidadgs.Activities.DetalleZonaEliminar
ADDED from src\main\AndroidManifest.xml:149:9-153:50
	android:screenOrientation
		ADDED from src\main\AndroidManifest.xml:152:13-49
	android:label
		ADDED from src\main\AndroidManifest.xml:151:13-73
	tools:ignore
		ADDED from src\main\AndroidManifest.xml:153:13-47
	android:name
		ADDED from src\main\AndroidManifest.xml:150:13-59
activity#com.gruposalinas.elektra.movilidadgs.Activities.MapasZonasUbicaciones
ADDED from src\main\AndroidManifest.xml:154:9-158:50
	android:screenOrientation
		ADDED from src\main\AndroidManifest.xml:157:13-49
	android:label
		ADDED from src\main\AndroidManifest.xml:156:13-75
	tools:ignore
		ADDED from src\main\AndroidManifest.xml:158:13-47
	android:name
		ADDED from src\main\AndroidManifest.xml:155:13-61
activity#com.gruposalinas.elektra.movilidadgs.Activities.ListaIncidenciasActivity
ADDED from src\main\AndroidManifest.xml:159:9-163:50
	android:screenOrientation
		ADDED from src\main\AndroidManifest.xml:162:13-49
	android:label
		ADDED from src\main\AndroidManifest.xml:161:13-69
	tools:ignore
		ADDED from src\main\AndroidManifest.xml:163:13-47
	android:name
		ADDED from src\main\AndroidManifest.xml:160:13-64
activity#com.gruposalinas.elektra.movilidadgs.Activities.justificacionCatalogo
ADDED from src\main\AndroidManifest.xml:164:9-168:50
	android:screenOrientation
		ADDED from src\main\AndroidManifest.xml:167:13-49
	android:label
		ADDED from src\main\AndroidManifest.xml:166:13-74
	tools:ignore
		ADDED from src\main\AndroidManifest.xml:168:13-47
	android:name
		ADDED from src\main\AndroidManifest.xml:165:13-61
activity#com.gruposalinas.elektra.movilidadgs.Activities.VerDetalleJustificacionActivity
ADDED from src\main\AndroidManifest.xml:169:9-173:50
	android:screenOrientation
		ADDED from src\main\AndroidManifest.xml:172:13-49
	android:label
		ADDED from src\main\AndroidManifest.xml:171:13-77
	tools:ignore
		ADDED from src\main\AndroidManifest.xml:173:13-47
	android:name
		ADDED from src\main\AndroidManifest.xml:170:13-71
service#com.gruposalinas.elektra.movilidadgs.geolocation.ServicePanico
ADDED from src\main\AndroidManifest.xml:175:9-178:40
	android:enabled
		ADDED from src\main\AndroidManifest.xml:177:13-35
	android:exported
		ADDED from src\main\AndroidManifest.xml:178:13-37
	android:name
		ADDED from src\main\AndroidManifest.xml:176:13-54
receiver#com.gruposalinas.elektra.movilidadgs.receivers.Cambios_Configuracion
ADDED from src\main\AndroidManifest.xml:180:9-196:20
	android:enabled
		ADDED from src\main\AndroidManifest.xml:182:13-35
	android:name
		ADDED from src\main\AndroidManifest.xml:181:13-60
intent-filter#android.intent.action.ACTION_SHUTDOWN+android.intent.action.AIRPLANE_MODE+android.intent.action.BATTERY_CHANGED+android.intent.action.BATTERY_LOW+android.intent.action.BATTERY_OKAY+android.intent.action.BOOT_COMPLETED+android.intent.action.DATE_CHANGED+android.intent.action.TIMEZONE_CHANGED+android.intent.action.TIME_SET+android.intent.action.TIME_TICK+android.location.PROVIDERS_CHANGED
ADDED from src\main\AndroidManifest.xml:183:13-195:29
action#android.intent.action.AIRPLANE_MODE
ADDED from src\main\AndroidManifest.xml:184:17-78
	android:name
		ADDED from src\main\AndroidManifest.xml:184:25-75
action#android.location.PROVIDERS_CHANGED
ADDED from src\main\AndroidManifest.xml:185:17-77
	android:name
		ADDED from src\main\AndroidManifest.xml:185:25-74
action#android.intent.action.ACTION_SHUTDOWN
ADDED from src\main\AndroidManifest.xml:186:17-80
	android:name
		ADDED from src\main\AndroidManifest.xml:186:25-77
action#android.intent.action.BATTERY_CHANGED
ADDED from src\main\AndroidManifest.xml:188:17-80
	android:name
		ADDED from src\main\AndroidManifest.xml:188:25-77
action#android.intent.action.BATTERY_LOW
ADDED from src\main\AndroidManifest.xml:189:17-76
	android:name
		ADDED from src\main\AndroidManifest.xml:189:25-73
action#android.intent.action.TIMEZONE_CHANGED
ADDED from src\main\AndroidManifest.xml:190:17-81
	android:name
		ADDED from src\main\AndroidManifest.xml:190:25-78
action#android.intent.action.TIME_TICK
ADDED from src\main\AndroidManifest.xml:191:17-74
	android:name
		ADDED from src\main\AndroidManifest.xml:191:25-71
action#android.intent.action.DATE_CHANGED
ADDED from src\main\AndroidManifest.xml:192:17-77
	android:name
		ADDED from src\main\AndroidManifest.xml:192:25-74
action#android.intent.action.BATTERY_OKAY
ADDED from src\main\AndroidManifest.xml:193:17-76
	android:name
		ADDED from src\main\AndroidManifest.xml:193:25-74
action#android.intent.action.TIME_SET
ADDED from src\main\AndroidManifest.xml:194:17-73
	android:name
		ADDED from src\main\AndroidManifest.xml:194:25-70
service#com.gruposalinas.elektra.movilidadgs.geolocation.serviceEvento
ADDED from src\main\AndroidManifest.xml:198:9-202:78
	android:enabled
		ADDED from src\main\AndroidManifest.xml:200:13-35
	android:exported
		ADDED from src\main\AndroidManifest.xml:201:13-37
	android:permission
		ADDED from src\main\AndroidManifest.xml:202:13-75
	android:name
		ADDED from src\main\AndroidManifest.xml:199:13-54
activity#com.gruposalinas.elektra.movilidadgs.Activities.Panico
ADDED from src\main\AndroidManifest.xml:204:9-208:50
	android:screenOrientation
		ADDED from src\main\AndroidManifest.xml:207:13-49
	android:label
		ADDED from src\main\AndroidManifest.xml:206:13-58
	tools:ignore
		ADDED from src\main\AndroidManifest.xml:208:13-47
	android:name
		ADDED from src\main\AndroidManifest.xml:205:13-46
activity#com.gruposalinas.elektra.movilidadgs.Activities.Activity_horarios_Autorizar
ADDED from src\main\AndroidManifest.xml:209:9-212:50
	android:screenOrientation
		ADDED from src\main\AndroidManifest.xml:211:13-49
	tools:ignore
		ADDED from src\main\AndroidManifest.xml:212:13-47
	android:name
		ADDED from src\main\AndroidManifest.xml:210:13-67
receiver#com.gruposalinas.elektra.movilidadgs.receivers.notificacion_app
ADDED from src\main\AndroidManifest.xml:214:9-64
	android:name
		ADDED from src\main\AndroidManifest.xml:214:19-61
receiver#com.gruposalinas.elektra.movilidadgs.receivers.incidenciasreciver
ADDED from src\main\AndroidManifest.xml:215:9-66
	android:name
		ADDED from src\main\AndroidManifest.xml:215:19-63
activity#com.gruposalinas.elektra.movilidadgs.Activities.Nombres_lista
ADDED from src\main\AndroidManifest.xml:217:9-220:50
	android:screenOrientation
		ADDED from src\main\AndroidManifest.xml:219:13-49
	tools:ignore
		ADDED from src\main\AndroidManifest.xml:220:13-47
	android:name
		ADDED from src\main\AndroidManifest.xml:218:13-53
activity#com.gruposalinas.elektra.movilidadgs.Activities.Contacto
ADDED from src\main\AndroidManifest.xml:221:9-225:50
	android:screenOrientation
		ADDED from src\main\AndroidManifest.xml:224:13-49
	android:label
		ADDED from src\main\AndroidManifest.xml:223:13-60
	tools:ignore
		ADDED from src\main\AndroidManifest.xml:225:13-47
	android:name
		ADDED from src\main\AndroidManifest.xml:222:13-48
activity#com.gruposalinas.elektra.movilidadgs.Activities.capture_video
ADDED from src\main\AndroidManifest.xml:226:9-229:50
	android:screenOrientation
		ADDED from src\main\AndroidManifest.xml:228:13-49
	tools:ignore
		ADDED from src\main\AndroidManifest.xml:229:13-47
	android:name
		ADDED from src\main\AndroidManifest.xml:227:13-53
service#com.gruposalinas.elektra.movilidadgs.geolocation.HoraExacta
ADDED from src\main\AndroidManifest.xml:231:9-235:78
	android:enabled
		ADDED from src\main\AndroidManifest.xml:233:13-35
	android:exported
		ADDED from src\main\AndroidManifest.xml:234:13-37
	android:permission
		ADDED from src\main\AndroidManifest.xml:235:13-75
	android:name
		ADDED from src\main\AndroidManifest.xml:232:13-51
receiver#com.gruposalinas.elektra.movilidadgs.receivers.horarecibe
ADDED from src\main\AndroidManifest.xml:237:9-58
	android:name
		ADDED from src\main\AndroidManifest.xml:237:19-55
receiver#com.gruposalinas.elektra.movilidadgs.receivers.recibeSalida
ADDED from src\main\AndroidManifest.xml:238:9-60
	android:name
		ADDED from src\main\AndroidManifest.xml:238:19-57
activity#com.gruposalinas.elektra.movilidadgs.Activities.Contactos
ADDED from src\main\AndroidManifest.xml:240:9-244:50
	android:screenOrientation
		ADDED from src\main\AndroidManifest.xml:242:13-49
	android:windowSoftInputMode
		ADDED from src\main\AndroidManifest.xml:243:13-60
	tools:ignore
		ADDED from src\main\AndroidManifest.xml:244:13-47
	android:name
		ADDED from src\main\AndroidManifest.xml:241:13-49
activity#com.gruposalinas.elektra.movilidadgs.Activities.Permisos_Activity
ADDED from src\main\AndroidManifest.xml:245:9-249:50
	android:screenOrientation
		ADDED from src\main\AndroidManifest.xml:248:13-49
	android:label
		ADDED from src\main\AndroidManifest.xml:247:13-61
	tools:ignore
		ADDED from src\main\AndroidManifest.xml:249:13-47
	android:name
		ADDED from src\main\AndroidManifest.xml:246:13-57
activity#com.gruposalinas.elektra.movilidadgs.Activities.Permisos_Plantilla_Activity
ADDED from src\main\AndroidManifest.xml:250:9-254:50
	android:screenOrientation
		ADDED from src\main\AndroidManifest.xml:253:13-49
	android:label
		ADDED from src\main\AndroidManifest.xml:252:13-72
	tools:ignore
		ADDED from src\main\AndroidManifest.xml:254:13-47
	android:name
		ADDED from src\main\AndroidManifest.xml:251:13-67
activity#com.gruposalinas.elektra.movilidadgs.Activities.Agregar_Permisos_activity
ADDED from src\main\AndroidManifest.xml:255:9-259:50
	android:screenOrientation
		ADDED from src\main\AndroidManifest.xml:258:13-49
	android:label
		ADDED from src\main\AndroidManifest.xml:257:13-78
	tools:ignore
		ADDED from src\main\AndroidManifest.xml:259:13-47
	android:name
		ADDED from src\main\AndroidManifest.xml:256:13-65
activity#com.gruposalinas.elektra.movilidadgs.Activities.Agregar_permisos_plantilla
ADDED from src\main\AndroidManifest.xml:260:9-264:50
	android:screenOrientation
		ADDED from src\main\AndroidManifest.xml:263:13-49
	android:label
		ADDED from src\main\AndroidManifest.xml:262:13-78
	tools:ignore
		ADDED from src\main\AndroidManifest.xml:264:13-47
	android:name
		ADDED from src\main\AndroidManifest.xml:261:13-66
activity#com.gruposalinas.elektra.movilidadgs.Activities.Plantilla_ZonasYubicaciones
ADDED from src\main\AndroidManifest.xml:265:9-268:50
	android:screenOrientation
		ADDED from src\main\AndroidManifest.xml:267:13-49
	tools:ignore
		ADDED from src\main\AndroidManifest.xml:268:13-47
	android:name
		ADDED from src\main\AndroidManifest.xml:266:13-67
activity#com.gruposalinas.elektra.movilidadgs.Activities.Plantilla_ZonasYubicaciones_pendientes
ADDED from src\main\AndroidManifest.xml:269:9-272:50
	android:screenOrientation
		ADDED from src\main\AndroidManifest.xml:271:13-49
	tools:ignore
		ADDED from src\main\AndroidManifest.xml:272:13-47
	android:name
		ADDED from src\main\AndroidManifest.xml:270:13-78
activity#com.gruposalinas.elektra.movilidadgs.Activities.AsignarZona_Plantilla
ADDED from src\main\AndroidManifest.xml:273:9-276:50
	android:screenOrientation
		ADDED from src\main\AndroidManifest.xml:275:13-49
	tools:ignore
		ADDED from src\main\AndroidManifest.xml:276:13-47
	android:name
		ADDED from src\main\AndroidManifest.xml:274:13-61
activity#com.gruposalinas.elektra.movilidadgs.Activities.listado_ubicaciones_plantilla
ADDED from src\main\AndroidManifest.xml:277:9-280:50
	android:screenOrientation
		ADDED from src\main\AndroidManifest.xml:279:13-49
	tools:ignore
		ADDED from src\main\AndroidManifest.xml:280:13-47
	android:name
		ADDED from src\main\AndroidManifest.xml:278:13-69
activity#com.gruposalinas.elektra.movilidadgs.Activities.SplashScreenActivity
ADDED from src\main\AndroidManifest.xml:281:9-289:20
	tools:ignore
		ADDED from src\main\AndroidManifest.xml:283:13-47
	android:name
		ADDED from src\main\AndroidManifest.xml:282:13-60
intent-filter#android.intent.action.MAIN+android.intent.category.LAUNCHER
ADDED from src\main\AndroidManifest.xml:284:13-288:29
action#android.intent.action.MAIN
ADDED from src\main\AndroidManifest.xml:285:17-69
	android:name
		ADDED from src\main\AndroidManifest.xml:285:25-66
category#android.intent.category.LAUNCHER
ADDED from src\main\AndroidManifest.xml:287:17-77
	android:name
		ADDED from src\main\AndroidManifest.xml:287:27-74
service#com.gruposalinas.elektra.movilidadgs.pushNotificacionFireBase.MyFirebaseMessagingService
ADDED from src\main\AndroidManifest.xml:291:9-295:19
	android:name
		ADDED from src\main\AndroidManifest.xml:291:18-85
intent-filter#com.google.firebase.MESSAGING_EVENT
ADDED from src\main\AndroidManifest.xml:292:13-294:29
action#com.google.firebase.MESSAGING_EVENT
ADDED from src\main\AndroidManifest.xml:293:17-78
	android:name
		ADDED from src\main\AndroidManifest.xml:293:25-75
service#com.gruposalinas.elektra.movilidadgs.pushNotificacionFireBase.TokenID
ADDED from src\main\AndroidManifest.xml:298:9-303:19
	android:name
		ADDED from src\main\AndroidManifest.xml:299:13-61
intent-filter#com.google.firebase.INSTANCE_ID_EVENT
ADDED from src\main\AndroidManifest.xml:300:13-302:29
action#com.google.firebase.INSTANCE_ID_EVENT
ADDED from src\main\AndroidManifest.xml:301:17-79
	android:name
		ADDED from src\main\AndroidManifest.xml:301:25-77
service#com.gruposalinas.elektra.movilidadgs.geolocation.GPS_Service
ADDED from src\main\AndroidManifest.xml:304:9-60
	android:name
		ADDED from src\main\AndroidManifest.xml:304:18-57